This is pdfTeX, Version 3.141592653-2.6-1.40.24 (MiKTeX 22.10) (preloaded format=pdflatex 2023.1.5)  12 JAN 2023 22:14
entering extended mode
 restricted \write18 enabled.
 %&-line parsing enabled.
**"./DTL Assignment 2 Mathematical Question Paper.tex"
(DTL Assignment 2 Mathematical Question Paper.tex
LaTeX2e <2022-06-01> patch level 5
L3 programming layer <2022-09-28>
(C:\Users\shubh\OneDrive\Desktop\LATEX\tex/latex/memoir\memoir.cls
Document Class: memoir 2022/11/17 v3.7.19 configurable book, report, article do
cument class
(C:\Users\shubh\OneDrive\Desktop\LATEX\tex/latex/etoolbox\etoolbox.sty
Package: etoolbox 2020/10/05 v2.5k e-TeX tools for LaTeX (JAW)
\etb@tempcnta=\count185
)
\onelineskip=\skip47
\lxvchars=\skip48
\xlvchars=\skip49
\@memcnta=\count186
\c@@memmarkcntra=\count187

(C:\Users\shubh\OneDrive\Desktop\LATEX\tex/generic/iftex\iftex.sty
Package: iftex 2022/02/03 v1.0f TeX engine tests
)
\stockheight=\dimen138
\stockwidth=\dimen139
\trimtop=\skip50
\trimedge=\skip51

(C:\Users\shubh\OneDrive\Desktop\LATEX\tex/latex/memoir\mem12.clo
File: mem12.clo 2022/07/29 v0.5 memoir class 12pt size option
)
\binding=\skip52
\spinemargin=\skip53
\foremargin=\skip54
\uppermargin=\skip55
\lowermargin=\skip56
\headdrop=\skip57
\normalrulethickness=\skip58
\mem@maxheadheight=\skip59
\mem@maxfootheight=\skip60
\headwidth=\skip61
\c@storedpagenumber=\count188
\memPD=\dimen140
\m@mabparskip=\skip62
\thanksmarkwidth=\skip63
\thanksmarksep=\skip64
\droptitle=\skip65
\c@book=\count189
\c@part=\count190
\c@chapter=\count191
\c@section=\count192
\c@subsection=\count193
\c@subsubsection=\count194
\c@paragraph=\count195
\c@subparagraph=\count196
\beforechapskip=\skip66
\midchapskip=\skip67
\afterchapskip=\skip68
\chapindent=\skip69
\bottomsectionskip=\skip70
\secindent=\skip71
\beforesecskip=\skip72
\aftersecskip=\skip73
\subsecindent=\skip74
\beforesubsecskip=\skip75
\aftersubsecskip=\skip76
\subsubsecindent=\skip77
\beforesubsubsecskip=\skip78
\aftersubsubsecskip=\skip79
\paraindent=\skip80
\beforeparaskip=\skip81
\afterparaskip=\skip82
\subparaindent=\skip83
\beforesubparaskip=\skip84
\aftersubparaskip=\skip85
\pfbreakskip=\skip86
\c@@ppsavesec=\count197
\c@@ppsaveapp=\count198
\ragrparindent=\dimen141
\everylistparindent=\dimen142
\parsepi=\skip87
\topsepi=\skip88
\itemsepi=\skip89
\parsepii=\skip90
\topsepii=\skip91
\topsepiii=\skip92
\itemsepii=\skip93
\itemsepiii=\skip94
\partopsepii=\skip95
\partopsepiii=\skip96
\m@msavetopsep=\skip97
\m@msavepartopsep=\skip98
\@enLab=\toks16
\abstitleskip=\skip99
\absleftindent=\skip100
\abs@leftindent=\dimen143
\absrightindent=\skip101
\absparindent=\skip102
\absparsep=\skip103
\c@vslineno=\count199
\c@poemline=\count266
\c@modulo@vs=\count267
\c@memfvsline=\count268
\vleftskip=\skip104
\vrightskip=\skip105
\stanzaskip=\skip106
\versewidth=\skip107
\vgap=\skip108
\vindent=\skip109
\vleftmargin=\dimen144
\c@verse=\count269
\c@chrsinstr=\count270
\beforepoemtitleskip=\skip110
\afterpoemtitleskip=\skip111
\c@poem=\count271
\beforePoemTitleskip=\skip112
\midPoemTitleskip=\skip113
\afterPoemTitleskip=\skip114

(C:\Users\shubh\OneDrive\Desktop\LATEX\tex/latex/tools\array.sty
Package: array 2022/03/10 v2.5f Tabular extension package (FMi)
\col@sep=\dimen145
\ar@mcellbox=\box51
\extrarowheight=\dimen146
\NC@list=\toks17
\extratabsurround=\skip115
\backup@length=\skip116
\ar@cellbox=\box52
)
(C:\Users\shubh\OneDrive\Desktop\LATEX\tex/latex/tools\dcolumn.sty
Package: dcolumn 2014/10/28 v1.06 decimal alignment package (DPC)
)
(C:\Users\shubh\OneDrive\Desktop\LATEX\tex/latex/tools\delarray.sty
Package: delarray 2014/10/28 v1.01 array delimiter package (DPC)
)
(C:\Users\shubh\OneDrive\Desktop\LATEX\tex/latex/tools\tabularx.sty
Package: tabularx 2020/01/15 v2.11c `tabularx' package (DPC)
\TX@col@width=\dimen147
\TX@old@table=\dimen148
\TX@old@col=\dimen149
\TX@target=\dimen150
\TX@delta=\dimen151
\TX@cols=\count272
\TX@ftn=\toks18
)
\heavyrulewidth=\dimen152
\lightrulewidth=\dimen153
\cmidrulewidth=\dimen154
\belowrulesep=\dimen155
\belowbottomsep=\dimen156
\aboverulesep=\dimen157
\abovetopsep=\dimen158
\cmidrulesep=\dimen159
\cmidrulekern=\dimen160
\defaultaddspace=\dimen161
\@cmidla=\count273
\@cmidlb=\count274
\@aboverulesep=\dimen162
\@belowrulesep=\dimen163
\@thisruleclass=\count275
\@lastruleclass=\count276
\@thisrulewidth=\dimen164
\ctableftskip=\skip117
\ctabrightskip=\skip118
\abovecolumnspenalty=\count277
\@linestogo=\count278
\@cellstogo=\count279
\@cellsincolumn=\count280
\crtok=\toks19
\@mincolumnwidth=\dimen165
\c@newflo@tctr=\count281
\mem@margin@floatbox=\box53
\@contcwidth=\skip119
\@contindw=\skip120
\abovecaptionskip=\skip121
\belowcaptionskip=\skip122
\subfloattopskip=\skip123
\subfloatcapskip=\skip124
\subfloatcaptopadj=\skip125
\subfloatbottomskip=\skip126
\subfloatlabelskip=\skip127
\subfloatcapmargin=\dimen166
\c@@contsubnum=\count282
\m@mscap@capbox=\box54
\m@mscap@fbox=\box55
\sidecapsep=\dimen167
\sidecapwidth=\dimen168
\m@m@tempdima=\dimen169
\m@mscapraise=\dimen170
\sidecapraise=\dimen171
\m@mscapmainwidth=\dimen172
\m@mscaplkern=\dimen173
\beforeepigraphskip=\skip128
\afterepigraphskip=\skip129
\epigraphwidth=\skip130
\epigraphrule=\skip131
LaTeX Info: Redefining \em on input line 7655.
LaTeX Info: Redefining \emph on input line 7663.
\tocentryskip=\skip132
\tocbaseline=\skip133
\cftparskip=\skip134
\cftbeforebookskip=\skip135
\cftbookindent=\dimen174
\cftbooknumwidth=\dimen175
\cftbeforepartskip=\skip136
\cftpartindent=\skip137
\cftpartnumwidth=\skip138
\cftbeforechapterskip=\skip139
\cftchapterindent=\skip140
\cftchapternumwidth=\skip141
\cftbeforesectionskip=\skip142
\cftsectionindent=\skip143
\cftsectionnumwidth=\skip144
\cftbeforesubsectionskip=\skip145
\cftsubsectionindent=\skip146
\cftsubsectionnumwidth=\skip147
\cftbeforesubsubsectionskip=\skip148
\cftsubsubsectionindent=\skip149
\cftsubsubsectionnumwidth=\skip150
\cftbeforeparagraphskip=\skip151
\cftparagraphindent=\skip152
\cftparagraphnumwidth=\skip153
\cftbeforesubparagraphskip=\skip154
\cftsubparagraphindent=\skip155
\cftsubparagraphnumwidth=\skip156
\prechapterprecisshift=\dimen176
\c@maxsecnumdepth=\count283
\bibindent=\dimen177
\bibitemsep=\skip157
\indexcolsep=\skip158
\indexrule=\skip159
\indexmarkstyle=\toks20
\@indexbox=\insert252
\glossarycolsep=\dimen178
\glossaryrule=\dimen179
\sideparvshift=\skip160
\sideins=\insert251
\sidebartopsep=\skip161
\sidebarhsep=\skip162
\sidebarvsep=\skip163
\sidebarwidth=\skip164
\footmarkwidth=\skip165
\footmarksep=\skip166
\footparindent=\skip167
\footinsdim=\skip168
\footinsv@r=\insert250
\@mpfootinsv@r=\insert249
\m@m@k=\count284
\m@m@h=\dimen180
\m@mipn@skip=\skip169
\sidefootins=\insert248
\sidefootadjust=\skip170
\sidefootheight=\skip171
\sidefoothsep=\skip172
\sidefootvsep=\skip173
\sidefootwidth=\skip174
\m@mdownsf=\skip175
\c@sidefootnote=\count285
\sidefootmarkwidth=\skip176
\sidefootmarksep=\skip177
\sidefootparindent=\skip178
\c@pagenote=\count286
\c@pagenoteshadow=\count287
\mem@pn@lastkern=\skip179
\every@verbatim=\toks21
\afterevery@verbatim=\toks22
\verbatim@line=\toks23
\tab@position=\count288
\verbatim@in@stream=\read2
\verbatimindent=\skip180
\verbatim@out=\write3
\bvboxsep=\skip181
\c@memfbvline=\count289
\c@bvlinectr=\count290
\bvnumlength=\skip182
\fb@frw=\dimen181
\fb@frh=\dimen182
\FrameRule=\dimen183
\FrameSep=\dimen184
\c@cp@cntr=\count291
\c@ism@mctr=\count292
\c@xsm@mctr=\count293
\c@csm@mctr=\count294
\c@ksm@mctr=\count295
\c@xksm@mctr=\count296
\c@cksm@mctr=\count297
\c@msm@mctr=\count298
\c@xmsm@mctr=\count299
\c@cmsm@mctr=\count300
\c@bsm@mctr=\count301
\c@workm@mctr=\count302
\c@sheetsequence=\count303
\c@lastsheet=\count304
\c@lastpage=\count305

(C:\Users\shubh\OneDrive\Desktop\LATEX\tex/latex/textcase\textcase.sty
Package: textcase 2022/07/10 v1.03 Text only upper/lower case changing (DPC)
Package textcase Info: Defining Legacy names on input line 20.
)
\c@figure=\count306
\c@lofdepth=\count307
\cftbeforefigureskip=\skip183
\cftfigureindent=\skip184
\cftfigurenumwidth=\skip185
\c@table=\count308
\c@lotdepth=\count309
\cftbeforetableskip=\skip186
\cfttableindent=\skip187
\cfttablenumwidth=\skip188
Package abstract [2008/07/23] emulated by memoir.
Package appendix [2008/07/23] emulated by memoir.
Package booktabs [2016/05/16] emulated by memoir.
Package ccaption [2008/07/23] emulated by memoir.
Package changepage [2008/07/23] emulated by memoir.
Package chngcntr [2008/07/23] emulated by memoir.
Package chngpage [2008/07/23] emulated by memoir.
Package crop emulated by memoir.
Package enumerate [2008/07/23] emulated by memoir.
Package epigraph [2008/07/23] emulated by memoir.
Package ifmtarg [2008/07/23] emulated by memoir.
Package index [2008/07/23] emulated by memoir.
Package makeidx [2008/07/23] emulated by memoir.
Package moreverb [2008/07/23] emulated by memoir.
Package needspace [2008/07/23] emulated by memoir.
Package newfile [2008/07/23] emulated by memoir.
Package nextpage [2008/07/23] emulated by memoir.
Package pagenote [2008/07/23] emulated by memoir.
Package parskip [2008/07/23] emulated by memoir.
Package patchcmd [2008/07/23] emulated by memoir.
Package setspace [2008/07/23] emulated by memoir.
Package shortvrb [2008/07/23] emulated by memoir.
Package showidx [2008/07/23] emulated by memoir.
Package titleref [2008/07/23] emulated by memoir.
Package titling [2008/07/23] emulated by memoir.
Package tocbibind [2008/07/23] emulated by memoir.
Package tocloft [2008/07/23] emulated by memoir.
Package tocvsec2 [2008/07/23] emulated by memoir.
Package verbatim [2008/07/23] emulated by memoir.
Package verse [2008/07/23] emulated by memoir.
)

! Class memoir Error: \headheight (56.9055pt) and/or \headsep (19.8738pt) are t
oo large for \uppermargin (42.67912pt) by 34.10017pt.

See the memoir class documentation for explanation.
Type  H <return>  for immediate help.
 ...                                              
                                                  
l.6 \checkandfixthelayout[nearest]
                                  
You're in trouble here.  Try typing  <return>  to proceed.
If that doesn't work, type  X <return>  to quit.


******************************************************
Stock height and width: 845.04684pt by 597.50787pt
Top and edge trims: 0pt and 0pt
Page height and width: 845.04684pt by 597.50787pt
Text height and width: 766pt by 512pt
Spine and edge margins: 42.67912pt and 42.67912pt
Upper and lower margins: 42.67912pt and 36.36772pt
Headheight and headsep: 56.9055pt and 19.8738pt
Footskip: 30pt
Columnsep and columnseprule: 10pt and 0pt
Marginparsep and marginparwidth: 7pt and 28.67912pt
Sidecapsep and sidecapwidth: 7pt and 42pt
Sidebarhsep and sidebarwidth: 7pt and 42pt
Sidebarvsep and sidebartopsep: 14.5pt and 0pt
Sidebarheight: 590.14995pt
Sidefoothsep and sidefootwidth: 7pt and 42pt
Sidefootvsep and sidefootheight: 14.5pt and 590.14995pt
******************************************************


! LaTeX Error: Two \documentclass or \documentstyle commands.

See the LaTeX manual or LaTeX Companion for explanation.
Type  H <return>  for immediate help.
 ...                                              
                                                  
l.8 \documentclass{
                   article}
The document may only declare one class.

(C:\Users\shubh\OneDrive\Desktop\LATEX\tex/latex/amsfonts\amsfonts.sty
Package: amsfonts 2013/01/14 v3.01 Basic AMSFonts support
\@emptytoks=\toks24
\symAMSa=\mathgroup4
\symAMSb=\mathgroup5
LaTeX Font Info:    Redeclaring math symbol \hbar on input line 98.
LaTeX Font Info:    Overwriting math alphabet `\mathfrak' in version `bold'
(Font)                  U/euf/m/n --> U/euf/b/n on input line 106.
)
(C:\Users\shubh\OneDrive\Desktop\LATEX\tex/latex/amsmath\amsmath.sty
Package: amsmath 2022/04/08 v2.17n AMS math features
\@mathmargin=\skip189

For additional information on amsmath, use the `?' option.
(C:\Users\shubh\OneDrive\Desktop\LATEX\tex/latex/amsmath\amstext.sty
Package: amstext 2021/08/26 v2.01 AMS text

(C:\Users\shubh\OneDrive\Desktop\LATEX\tex/latex/amsmath\amsgen.sty
File: amsgen.sty 1999/11/30 v2.0 generic functions
\@emptytoks=\toks25
\ex@=\dimen185
))
(C:\Users\shubh\OneDrive\Desktop\LATEX\tex/latex/amsmath\amsbsy.sty
Package: amsbsy 1999/11/29 v1.2d Bold Symbols
\pmbraise@=\dimen186
)
(C:\Users\shubh\OneDrive\Desktop\LATEX\tex/latex/amsmath\amsopn.sty
Package: amsopn 2022/04/08 v2.04 operator names
)
\inf@bad=\count310
LaTeX Info: Redefining \frac on input line 234.
\uproot@=\count311
\leftroot@=\count312
LaTeX Info: Redefining \overline on input line 399.
LaTeX Info: Redefining \colon on input line 410.
\classnum@=\count313
\DOTSCASE@=\count314
LaTeX Info: Redefining \ldots on input line 496.
LaTeX Info: Redefining \dots on input line 499.
LaTeX Info: Redefining \cdots on input line 620.
\Mathstrutbox@=\box56
\strutbox@=\box57
LaTeX Info: Redefining \big on input line 722.
LaTeX Info: Redefining \Big on input line 723.
LaTeX Info: Redefining \bigg on input line 724.
LaTeX Info: Redefining \Bigg on input line 725.
\big@size=\dimen187
LaTeX Font Info:    Redeclaring font encoding OML on input line 743.
LaTeX Font Info:    Redeclaring font encoding OMS on input line 744.
\macc@depth=\count315
LaTeX Info: Redefining \bmod on input line 905.
LaTeX Info: Redefining \pmod on input line 910.
LaTeX Info: Redefining \smash on input line 940.
LaTeX Info: Redefining \relbar on input line 970.
LaTeX Info: Redefining \Relbar on input line 971.
\c@MaxMatrixCols=\count316
\dotsspace@=\muskip16
\c@parentequation=\count317
\dspbrk@lvl=\count318
\tag@help=\toks26
\row@=\count319
\column@=\count320
\maxfields@=\count321
\andhelp@=\toks27
\eqnshift@=\dimen188
\alignsep@=\dimen189
\tagshift@=\dimen190
\tagwidth@=\dimen191
\totwidth@=\dimen192
\lineht@=\dimen193
\@envbody=\toks28
\multlinegap=\skip190
\multlinetaggap=\skip191
\mathdisplay@stack=\toks29
LaTeX Info: Redefining \[ on input line 2953.
LaTeX Info: Redefining \] on input line 2954.
)
(C:\Users\shubh\OneDrive\Desktop\LATEX\tex/latex/l3backend\l3backend-pdftex.def
File: l3backend-pdftex.def 2022-09-28 L3 backend support: PDF output (pdfTeX)
\l__color_backend_stack_int=\count322
\l__pdf_internal_box=\box58
) (DTL Assignment 2 Mathematical Question Paper.aux)
\openout1 = `"DTL Assignment 2 Mathematical Question Paper.aux"'.

LaTeX Font Info:    Checking defaults for OML/cmm/m/it on input line 12.
LaTeX Font Info:    ... okay on input line 12.
LaTeX Font Info:    Checking defaults for OMS/cmsy/m/n on input line 12.
LaTeX Font Info:    ... okay on input line 12.
LaTeX Font Info:    Checking defaults for OT1/cmr/m/n on input line 12.
LaTeX Font Info:    ... okay on input line 12.
LaTeX Font Info:    Checking defaults for T1/cmr/m/n on input line 12.
LaTeX Font Info:    ... okay on input line 12.
LaTeX Font Info:    Checking defaults for TS1/cmr/m/n on input line 12.
LaTeX Font Info:    ... okay on input line 12.
LaTeX Font Info:    Checking defaults for OMX/cmex/m/n on input line 12.
LaTeX Font Info:    ... okay on input line 12.
LaTeX Font Info:    Checking defaults for U/cmr/m/n on input line 12.
LaTeX Font Info:    ... okay on input line 12.

! Undefined control sequence.
l.37 \emp
         {\textbf{Use of Programmable Calculator Forbidden }}
The control sequence at the end of the top line
of your error message was never \def'ed. If you have
misspelled it (e.g., `\hobx'), type `I' and the correct
spelling (e.g., `I\hbox'). Otherwise just continue,
and I'll forget about whatever was undefined.

LaTeX Font Info:    Trying to load font information for U+msa on input line 42.

(C:\Users\shubh\OneDrive\Desktop\LATEX\tex/latex/amsfonts\umsa.fd
File: umsa.fd 2013/01/14 v3.01 AMS symbols A
)
LaTeX Font Info:    Trying to load font information for U+msb on input line 42.


(C:\Users\shubh\OneDrive\Desktop\LATEX\tex/latex/amsfonts\umsb.fd
File: umsb.fd 2013/01/14 v3.01 AMS symbols B
)
! Undefined control sequence.
l.61 	\{(x,y)\in \R
                    \mid x=y+2\}
The control sequence at the end of the top line
of your error message was never \def'ed. If you have
misspelled it (e.g., `\hobx'), type `I' and the correct
spelling (e.g., `I\hbox'). Otherwise just continue,
and I'll forget about whatever was undefined.

! Undefined control sequence.
l.65 	\{(x,y,z) \in \R
                       \mid  x=y  , 2z =z\}
The control sequence at the end of the top line
of your error message was never \def'ed. If you have
misspelled it (e.g., `\hobx'), type `I' and the correct
spelling (e.g., `I\hbox'). Otherwise just continue,
and I'll forget about whatever was undefined.

! Missing $ inserted.
<inserted text> 
                $
l.94 \begin{bmatrix}
                    
I've inserted a begin-math/end-math symbol since I think
you left one out. Proceed, with fingers crossed.

! Missing $ inserted.
<inserted text> 
                $
l.98 \end{bmatrix}
                  
I've inserted something that you may have forgotten.
(See the <inserted text> above.)
With luck, this will get me unwedged. But if you
really didn't forget anything, try typing `2' now; then
my insertion and my current dilemma will both disappear.

[1

{C:/Users/shubh/AppData/Local/MiKTeX/fonts/map/pdftex/pdftex.map}]
! Missing $ inserted.
<inserted text> 
                $
l.137 
      
I've inserted a begin-math/end-math symbol since I think
you left one out. Proceed, with fingers crossed.

! Missing } inserted.
<inserted text> 
                }
l.137 
      
I've inserted something that you may have forgotten.
(See the <inserted text> above.)
With luck, this will get me unwedged. But if you
really didn't forget anything, try typing `2' now; then
my insertion and my current dilemma will both disappear.

! Display math should end with $$.
<to be read again> 
                   \tex_par:D 
l.137 
      
The `$' that I just saw supposedly matches a previous `$$'.
So I shall assume that you typed `$$' both times.

! Extra }, or forgotten \endgroup.
\par ...m \@noitemerr {\@@par }\fi \else {\@@par }
                                                  \fi 
l.137 
      
I've deleted a group-closing symbol because it seems to be
spurious, as in `$x}$'. But perhaps the } is legitimate and
you forgot something else, as in `\hbox{$x}'. In such cases
the way to recover is to insert both the forgotten and the
deleted material, e.g., by typing `I$}'.

! Missing $ inserted.
<inserted text> 
                $
l.138 A = \begin{bmatrix}
                         
I've inserted a begin-math/end-math symbol since I think
you left one out. Proceed, with fingers crossed.

! Missing $ inserted.
<inserted text> 
                $
l.148 \end{bmatrix}
                   
I've inserted something that you may have forgotten.
(See the <inserted text> above.)
With luck, this will get me unwedged. But if you
really didn't forget anything, try typing `2' now; then
my insertion and my current dilemma will both disappear.


! LaTeX Error: Bad math environment delimiter.

See the LaTeX manual or LaTeX Companion for explanation.
Type  H <return>  for immediate help.
 ...                                              
                                                  
l.150 \end{equation*}
                     
Your command was ignored.
Type  I <command> <return>  to replace it with another command,
or  <return>  to continue without it.

! Missing $ inserted.
<inserted text> 
                $
l.150 \end{equation*}
                     
I've inserted something that you may have forgotten.
(See the <inserted text> above.)
With luck, this will get me unwedged. But if you
really didn't forget anything, try typing `2' now; then
my insertion and my current dilemma will both disappear.

! Display math should end with $$.
<to be read again> 
                   \endgroup 
l.150 \end{equation*}
                     
The `$' that I just saw supposedly matches a previous `$$'.
So I shall assume that you typed `$$' both times.

! Missing $ inserted.
<inserted text> 
                $
l.153 
      
I've inserted a begin-math/end-math symbol since I think
you left one out. Proceed, with fingers crossed.

! Missing } inserted.
<inserted text> 
                }
l.153 
      
I've inserted something that you may have forgotten.
(See the <inserted text> above.)
With luck, this will get me unwedged. But if you
really didn't forget anything, try typing `2' now; then
my insertion and my current dilemma will both disappear.

! Display math should end with $$.
<to be read again> 
                   \tex_par:D 
l.153 
      
The `$' that I just saw supposedly matches a previous `$$'.
So I shall assume that you typed `$$' both times.

! Extra }, or forgotten \endgroup.
\par ...m \@noitemerr {\@@par }\fi \else {\@@par }
                                                  \fi 
l.153 
      
I've deleted a group-closing symbol because it seems to be
spurious, as in `$x}$'. But perhaps the } is legitimate and
you forgot something else, as in `\hbox{$x}'. In such cases
the way to recover is to insert both the forgotten and the
deleted material, e.g., by typing `I$}'.

! Missing $ inserted.
<inserted text> 
                $
l.154 B = \begin{bmatrix}
                         
I've inserted a begin-math/end-math symbol since I think
you left one out. Proceed, with fingers crossed.

! Missing $ inserted.
<inserted text> 
                $
l.164 \end{bmatrix}
                   
I've inserted something that you may have forgotten.
(See the <inserted text> above.)
With luck, this will get me unwedged. But if you
really didn't forget anything, try typing `2' now; then
my insertion and my current dilemma will both disappear.


! LaTeX Error: Bad math environment delimiter.

See the LaTeX manual or LaTeX Companion for explanation.
Type  H <return>  for immediate help.
 ...                                              
                                                  
l.166 \end{equation*}
                     
Your command was ignored.
Type  I <command> <return>  to replace it with another command,
or  <return>  to continue without it.

! Missing $ inserted.
<inserted text> 
                $
l.166 \end{equation*}
                     
I've inserted something that you may have forgotten.
(See the <inserted text> above.)
With luck, this will get me unwedged. But if you
really didn't forget anything, try typing `2' now; then
my insertion and my current dilemma will both disappear.

! Display math should end with $$.
<to be read again> 
                   \endgroup 
l.166 \end{equation*}
                     
The `$' that I just saw supposedly matches a previous `$$'.
So I shall assume that you typed `$$' both times.

[2]
! Illegal unit of measure (pt inserted).
<to be read again> 
                   \relax 
l.184 \vspace{2}
                
Dimensions can be in units of em, ex, in, pt, pc,
cm, mm, dd, cc, nd, nc, bp, or sp; but yours is a new one!
I'll assume that you meant to say pt, for printer's points.
To recover gracefully from this error, it's best to
delete the erroneous units; e.g., type `2' to delete
two letters. (See Chapter 27 of The TeXbook.)

! Undefined control sequence.
l.272 	\{x \in \R
                  \mid 2\leq x<5\}
The control sequence at the end of the top line
of your error message was never \def'ed. If you have
misspelled it (e.g., `\hobx'), type `I' and the correct
spelling (e.g., `I\hbox'). Otherwise just continue,
and I'll forget about whatever was undefined.

[3]
! Undefined control sequence.
<argument> \uline 
                  {Formula Derivation}
l.336 \section* {\uline{Formula Derivation}}
                                            
The control sequence at the end of the top line
of your error message was never \def'ed. If you have
misspelled it (e.g., `\hobx'), type `I' and the correct
spelling (e.g., `I\hbox'). Otherwise just continue,
and I'll forget about whatever was undefined.

! Undefined control sequence.
<argument> \uline 
                  {Formula Derivation}
l.336 \section* {\uline{Formula Derivation}}
                                            
The control sequence at the end of the top line
of your error message was never \def'ed. If you have
misspelled it (e.g., `\hobx'), type `I' and the correct
spelling (e.g., `I\hbox'). Otherwise just continue,
and I'll forget about whatever was undefined.

! Undefined control sequence.
<argument>  \uline 
                   {Problem Statement :}
l.348 \section *{ \uline{Problem Statement :}}
                                              
The control sequence at the end of the top line
of your error message was never \def'ed. If you have
misspelled it (e.g., `\hobx'), type `I' and the correct
spelling (e.g., `I\hbox'). Otherwise just continue,
and I'll forget about whatever was undefined.

! Undefined control sequence.
<argument>  \uline 
                   {Problem Statement :}
l.348 \section *{ \uline{Problem Statement :}}
                                              
The control sequence at the end of the top line
of your error message was never \def'ed. If you have
misspelled it (e.g., `\hobx'), type `I' and the correct
spelling (e.g., `I\hbox'). Otherwise just continue,
and I'll forget about whatever was undefined.

! Undefined control sequence.
l.349 Find a and b \textcolor
                             {red}{Assume the Values}, \textbf{}  \textit{} ...
The control sequence at the end of the top line
of your error message was never \def'ed. If you have
misspelled it (e.g., `\hobx'), type `I' and the correct
spelling (e.g., `I\hbox'). Otherwise just continue,
and I'll forget about whatever was undefined.

! Undefined control sequence.
l.351 	\textcolor
                 {blue}{a^2}+\textrm{b}^2=\bm{c^2} \text{ kg }
The control sequence at the end of the top line
of your error message was never \def'ed. If you have
misspelled it (e.g., `\hobx'), type `I' and the correct
spelling (e.g., `I\hbox'). Otherwise just continue,
and I'll forget about whatever was undefined.

! Undefined control sequence.
l.351 	\textcolor{blue}{a^2}+\textrm{b}^2=\bm
                                             {c^2} \text{ kg }
The control sequence at the end of the top line
of your error message was never \def'ed. If you have
misspelled it (e.g., `\hobx'), type `I' and the correct
spelling (e.g., `I\hbox'). Otherwise just continue,
and I'll forget about whatever was undefined.

! Undefined control sequence.
l.356   \uline
              {a+b}=\uuline{\SI{4,56e4}{kg.m^2.s^{-3}}{}}.
The control sequence at the end of the top line
of your error message was never \def'ed. If you have
misspelled it (e.g., `\hobx'), type `I' and the correct
spelling (e.g., `I\hbox'). Otherwise just continue,
and I'll forget about whatever was undefined.

! Undefined control sequence.
l.356   \uline{a+b}=\uuline
                           {\SI{4,56e4}{kg.m^2.s^{-3}}{}}.
The control sequence at the end of the top line
of your error message was never \def'ed. If you have
misspelled it (e.g., `\hobx'), type `I' and the correct
spelling (e.g., `I\hbox'). Otherwise just continue,
and I'll forget about whatever was undefined.

! Undefined control sequence.
l.356   \uline{a+b}=\uuline{\SI
                               {4,56e4}{kg.m^2.s^{-3}}{}}.
The control sequence at the end of the top line
of your error message was never \def'ed. If you have
misspelled it (e.g., `\hobx'), type `I' and the correct
spelling (e.g., `I\hbox'). Otherwise just continue,
and I'll forget about whatever was undefined.

[4]

! LaTeX Error: \begin{flushleft} on input line 130 ended by \end{document}.

See the LaTeX manual or LaTeX Companion for explanation.
Type  H <return>  for immediate help.
 ...                                              
                                                  
l.361 \end{document}
                    
Your command was ignored.
Type  I <command> <return>  to replace it with another command,
or  <return>  to continue without it.

(DTL Assignment 2 Mathematical Question Paper.aux) )
(\end occurred inside a group at level 1)

### semi simple group (level 1) entered at line 130 (\begingroup)
### bottom level 
Here is how much of TeX's memory you used:
 5064 strings out of 475385
 73594 string characters out of 2780191
 453046 words of memory out of 3000000
 26457 multiletter control sequences out of 15000+600000
 476428 words of font info for 54 fonts, out of 8000000 for 9000
 1141 hyphenation exceptions out of 8191
 54i,13n,62p,244b,302s stack positions out of 10000i,1000n,20000p,200000b,80000s
<C:/Users/shubh/OneDrive/Desktop/LATEX/fonts/type1/public/amsfo
nts/cm/cmbx12.pfb><C:/Users/shubh/OneDrive/Desktop/LATEX/fonts/type1/public/ams
fonts/cm/cmbxti10.pfb><C:/Users/shubh/OneDrive/Desktop/LATEX/fonts/type1/public
/amsfonts/cm/cmex10.pfb><C:/Users/shubh/OneDrive/Desktop/LATEX/fonts/type1/publ
ic/amsfonts/cm/cmmi12.pfb><C:/Users/shubh/OneDrive/Desktop/LATEX/fonts/type1/pu
blic/amsfonts/cm/cmmi8.pfb><C:/Users/shubh/OneDrive/Desktop/LATEX/fonts/type1/p
ublic/amsfonts/cm/cmr12.pfb><C:/Users/shubh/OneDrive/Desktop/LATEX/fonts/type1/
public/amsfonts/cm/cmr8.pfb><C:/Users/shubh/OneDrive/Desktop/LATEX/fonts/type1/
public/amsfonts/cm/cmsy10.pfb><C:/Users/shubh/OneDrive/Desktop/LATEX/fonts/type
1/public/amsfonts/cm/cmsy8.pfb><C:/Users/shubh/OneDrive/Desktop/LATEX/fonts/typ
e1/public/amsfonts/cm/cmti12.pfb><C:/Users/shubh/OneDrive/Desktop/LATEX/fonts/t
ype1/public/amsfonts/symbols/msam10.pfb>
Output written on "DTL Assignment 2 Mathematical Question Paper.pdf" (4 pages, 
140301 bytes).
PDF statistics:
 70 PDF objects out of 1000 (max. 8388607)
 0 named destinations out of 1000 (max. 500000)
 1 words of extra memory for PDF output out of 10000 (max. 10000000)

